0 info it worked if it ends with ok
1 verbose cli [ '/usr/local/bin/node', '/usr/local/bin/npm', 'start' ]
2 info using npm@3.10.8
3 info using node@v7.0.0
4 verbose run-script [ 'prestart', 'start', 'poststart' ]
5 info lifecycle react-essential@1.0.0~prestart: react-essential@1.0.0
6 verbose lifecycle react-essential@1.0.0~prestart: unsafe-perm in lifecycle true
7 verbose lifecycle react-essential@1.0.0~prestart: PATH: /usr/local/lib/node_modules/npm/bin/node-gyp-bin:/home/phil/Repos/PhilipCorr.github.io/node_modules/.bin:/usr/local/heroku/bin:/home/phil/torch/install/bin:/opt/hdf5-1.10.0-patch1-linux-centos7-x86_64-gcc485-shared/bin:/home/phil/anaconda2/bin:/home/phil/torch/install/bin:/home/phil/bin:/home/phil/.local/bin:/usr/local/sbin:/usr/local/bin:/usr/sbin:/usr/bin:/sbin:/bin:/usr/games:/usr/local/games:/snap/bin:/usr/local/java/jdk1.7.0_80/jre/bin:/usr/local/java/jdk1.7.0_80/bin:/home/phil/comp40010/apache-ant-1.9.7/bin
8 verbose lifecycle react-essential@1.0.0~prestart: CWD: /home/phil/Repos/PhilipCorr.github.io
9 silly lifecycle react-essential@1.0.0~prestart: Args: [ '-c', 'webpack' ]
10 silly lifecycle react-essential@1.0.0~prestart: Returned: code: 0  signal: null
11 info lifecycle react-essential@1.0.0~start: react-essential@1.0.0
12 verbose lifecycle react-essential@1.0.0~start: unsafe-perm in lifecycle true
13 verbose lifecycle react-essential@1.0.0~start: PATH: /usr/local/lib/node_modules/npm/bin/node-gyp-bin:/home/phil/Repos/PhilipCorr.github.io/node_modules/.bin:/usr/local/heroku/bin:/home/phil/torch/install/bin:/opt/hdf5-1.10.0-patch1-linux-centos7-x86_64-gcc485-shared/bin:/home/phil/anaconda2/bin:/home/phil/torch/install/bin:/home/phil/bin:/home/phil/.local/bin:/usr/local/sbin:/usr/local/bin:/usr/sbin:/usr/bin:/sbin:/bin:/usr/games:/usr/local/games:/snap/bin:/usr/local/java/jdk1.7.0_80/jre/bin:/usr/local/java/jdk1.7.0_80/bin:/home/phil/comp40010/apache-ant-1.9.7/bin
14 verbose lifecycle react-essential@1.0.0~start: CWD: /home/phil/Repos/PhilipCorr.github.io
15 silly lifecycle react-essential@1.0.0~start: Args: [ '-c', 'webpack-dev-server' ]
16 silly lifecycle react-essential@1.0.0~start: Returned: code: 1  signal: null
17 info lifecycle react-essential@1.0.0~start: Failed to exec start script
18 verbose stack Error: react-essential@1.0.0 start: `webpack-dev-server`
18 verbose stack Exit status 1
18 verbose stack     at EventEmitter.<anonymous> (/usr/local/lib/node_modules/npm/lib/utils/lifecycle.js:255:16)
18 verbose stack     at emitTwo (events.js:106:13)
18 verbose stack     at EventEmitter.emit (events.js:191:7)
18 verbose stack     at ChildProcess.<anonymous> (/usr/local/lib/node_modules/npm/lib/utils/spawn.js:40:14)
18 verbose stack     at emitTwo (events.js:106:13)
18 verbose stack     at ChildProcess.emit (events.js:191:7)
18 verbose stack     at maybeClose (internal/child_process.js:877:16)
18 verbose stack     at Process.ChildProcess._handle.onexit (internal/child_process.js:226:5)
19 verbose pkgid react-essential@1.0.0
20 verbose cwd /home/phil/Repos/PhilipCorr.github.io
21 error Linux 4.4.0-87-generic
22 error argv "/usr/local/bin/node" "/usr/local/bin/npm" "start"
23 error node v7.0.0
24 error npm  v3.10.8
25 error code ELIFECYCLE
26 error react-essential@1.0.0 start: `webpack-dev-server`
26 error Exit status 1
27 error Failed at the react-essential@1.0.0 start script 'webpack-dev-server'.
27 error Make sure you have the latest version of node.js and npm installed.
27 error If you do, this is most likely a problem with the react-essential package,
27 error not with npm itself.
27 error Tell the author that this fails on your system:
27 error     webpack-dev-server
27 error You can get information on how to open an issue for this project with:
27 error     npm bugs react-essential
27 error Or if that isn't available, you can get their info via:
27 error     npm owner ls react-essential
27 error There is likely additional logging output above.
28 verbose exit [ 1, true ]
